2022-06-11 21:48:38,315:INFO:PyCaret Supervised Module
2022-06-11 21:48:38,315:INFO:ML Usecase: regression
2022-06-11 21:48:38,315:INFO:version 2.2.3
2022-06-11 21:48:38,315:INFO:Initializing setup()
2022-06-11 21:48:38,315:INFO:setup(target=rating_num, ml_usecase=regression, available_plots={'parameter': 'Hyperparameters', 'residuals': 'Residuals', 'error': 'Prediction Error', 'cooks': 'Cooks Distance', 'rfe': 'Feature Selection', 'learning': 'Learning Curve', 'manifold': 'Manifold Learning', 'vc': 'Validation Curve', 'feature': 'Feature Importance', 'feature_all': 'Feature Importance (All)', 'tree': 'Decision Tree'}, train_size=0.7, test_data=None, preprocess=True, imputation_type=simple, iterative_imputation_iters=5, categorical_features=None, categorical_imputation=constant, categorical_iterative_imputer=lightgbm, ordinal_features=None, high_cardinality_features=None, high_cardinality_method=frequency, numeric_features=None, numeric_imputation=mean, numeric_iterative_imputer=lightgbm, date_features=None, ignore_features=None, normalize=False, normalize_method=zscore, transformation=False, transformation_method=yeo-johnson, handle_unknown_categorical=True, unknown_categorical_method=least_frequent, pca=False, pca_method=linear, pca_components=None, ignore_low_variance=False, combine_rare_levels=False, rare_level_threshold=0.1, bin_numeric_features=None, remove_outliers=False, outliers_threshold=0.05, remove_multicollinearity=False, multicollinearity_threshold=0.9, remove_perfect_collinearity=True, create_clusters=False, cluster_iter=20, polynomial_features=False, polynomial_degree=2, trigonometry_features=False, polynomial_threshold=0.1, group_features=None, group_names=None, feature_selection=False, feature_selection_threshold=0.8, feature_selection_method=classic, feature_interaction=False, feature_ratio=False, interaction_threshold=0.01, fix_imbalance=False, fix_imbalance_method=None, transform_target=False, transform_target_method=box-cox, data_split_shuffle=True, data_split_stratify=False, fold_strategy=kfold, fold=10, fold_shuffle=False, fold_groups=None, n_jobs=-1, use_gpu=False, custom_pipeline=None, html=True, session_id=123, log_experiment=False, experiment_name=None, log_plots=False, log_profile=False, log_data=False, silent=False, verbose=True, profile=False, profile_kwargs=None, display=None)
2022-06-11 21:48:38,331:INFO:Checking environment
2022-06-11 21:48:38,331:INFO:python_version: 3.9.7
2022-06-11 21:48:38,331:INFO:python_build: ('default', 'Sep 16 2021 16:59:28')
2022-06-11 21:48:38,331:INFO:machine: AMD64
2022-06-11 21:48:38,331:INFO:platform: Windows-10-10.0.19044-SP0
2022-06-11 21:48:38,331:INFO:Memory: svmem(total=16919126016, available=8211460096, percent=51.5, used=8707665920, free=8211460096)
2022-06-11 21:48:38,331:INFO:Physical Core: 6
2022-06-11 21:48:38,331:INFO:Logical Core: 12
2022-06-11 21:48:38,331:INFO:Checking libraries
2022-06-11 21:48:38,331:INFO:pd==1.3.4
2022-06-11 21:48:38,331:INFO:numpy==1.20.3
2022-06-11 21:48:38,331:INFO:sklearn==0.24.2
2022-06-11 21:48:38,359:INFO:xgboost==1.5.1
2022-06-11 21:48:38,359:INFO:lightgbm==3.3.2
2022-06-11 21:48:38,437:INFO:catboost==1.0.4
2022-06-11 21:48:39,043:INFO:mlflow==1.26.0
2022-06-11 21:48:39,044:INFO:Checking Exceptions
2022-06-11 21:48:39,044:INFO:Declaring global variables
2022-06-11 21:48:39,044:INFO:USI: 1325
2022-06-11 21:48:39,044:INFO:pycaret_globals: {'y', 'log_plots_param', 'gpu_param', '_all_metrics', 'y_train', 'X', 'X_test', 'create_model_container', 'master_model_container', 'n_jobs_param', 'data_before_preprocess', '_available_plots', 'html_param', 'fold_shuffle_param', 'prep_pipe', 'USI', 'fold_param', '_internal_pipeline', 'experiment__', 'pycaret_globals', 'imputation_regressor', 'fold_groups_param', 'logging_param', 'transform_target_param', 'X_train', 'iterative_imputation_iters_param', 'fix_imbalance_param', 'transform_target_method_param', 'fold_generator', '_all_models_internal', 'exp_name_log', 'seed', '_ml_usecase', '_gpu_n_jobs_param', '_all_models', 'fix_imbalance_method_param', 'display_container', 'y_test', 'target_param', 'imputation_classifier', 'stratify_param'}
2022-06-11 21:48:39,044:INFO:Preparing display monitor
2022-06-11 21:48:39,044:INFO:Preparing display monitor
2022-06-11 21:48:39,052:INFO:Importing libraries
2022-06-11 21:48:39,052:INFO:Copying data for preprocessing
2022-06-11 21:48:39,077:INFO:Declaring preprocessing parameters
2022-06-11 21:48:39,124:INFO:Creating preprocessing pipeline
2022-06-11 21:48:40,005:INFO:Preprocessing pipeline created successfully
2022-06-11 21:48:40,005:ERROR:(Process Exit): setup has been interupted with user command 'quit'. setup must rerun.
2022-06-11 21:48:40,005:INFO:Creating global containers
2022-06-11 21:49:36,723:INFO:PyCaret Supervised Module
2022-06-11 21:49:36,723:INFO:ML Usecase: regression
2022-06-11 21:49:36,723:INFO:version 2.2.3
2022-06-11 21:49:36,723:INFO:Initializing setup()
2022-06-11 21:49:36,723:INFO:setup(target=rating_num, ml_usecase=regression, available_plots={'parameter': 'Hyperparameters', 'residuals': 'Residuals', 'error': 'Prediction Error', 'cooks': 'Cooks Distance', 'rfe': 'Feature Selection', 'learning': 'Learning Curve', 'manifold': 'Manifold Learning', 'vc': 'Validation Curve', 'feature': 'Feature Importance', 'feature_all': 'Feature Importance (All)', 'tree': 'Decision Tree'}, train_size=0.7, test_data=None, preprocess=True, imputation_type=simple, iterative_imputation_iters=5, categorical_features=None, categorical_imputation=constant, categorical_iterative_imputer=lightgbm, ordinal_features=None, high_cardinality_features=None, high_cardinality_method=frequency, numeric_features=None, numeric_imputation=mean, numeric_iterative_imputer=lightgbm, date_features=None, ignore_features=None, normalize=False, normalize_method=zscore, transformation=False, transformation_method=yeo-johnson, handle_unknown_categorical=True, unknown_categorical_method=least_frequent, pca=False, pca_method=linear, pca_components=None, ignore_low_variance=False, combine_rare_levels=False, rare_level_threshold=0.1, bin_numeric_features=None, remove_outliers=False, outliers_threshold=0.05, remove_multicollinearity=False, multicollinearity_threshold=0.9, remove_perfect_collinearity=True, create_clusters=False, cluster_iter=20, polynomial_features=False, polynomial_degree=2, trigonometry_features=False, polynomial_threshold=0.1, group_features=None, group_names=None, feature_selection=False, feature_selection_threshold=0.8, feature_selection_method=classic, feature_interaction=False, feature_ratio=False, interaction_threshold=0.01, fix_imbalance=False, fix_imbalance_method=None, transform_target=False, transform_target_method=box-cox, data_split_shuffle=True, data_split_stratify=False, fold_strategy=kfold, fold=10, fold_shuffle=False, fold_groups=None, n_jobs=-1, use_gpu=False, custom_pipeline=None, html=True, session_id=None, log_experiment=False, experiment_name=None, log_plots=False, log_profile=False, log_data=False, silent=False, verbose=True, profile=False, profile_kwargs=None, display=None)
2022-06-11 21:49:36,723:INFO:Checking environment
2022-06-11 21:49:36,723:INFO:python_version: 3.9.7
2022-06-11 21:49:36,723:INFO:python_build: ('default', 'Sep 16 2021 16:59:28')
2022-06-11 21:49:36,723:INFO:machine: AMD64
2022-06-11 21:49:36,723:INFO:platform: Windows-10-10.0.19044-SP0
2022-06-11 21:49:36,723:INFO:Memory: svmem(total=16919126016, available=7803191296, percent=53.9, used=9115934720, free=7803191296)
2022-06-11 21:49:36,723:INFO:Physical Core: 6
2022-06-11 21:49:36,723:INFO:Logical Core: 12
2022-06-11 21:49:36,723:INFO:Checking libraries
2022-06-11 21:49:36,723:INFO:pd==1.3.4
2022-06-11 21:49:36,723:INFO:numpy==1.20.3
2022-06-11 21:49:36,723:INFO:sklearn==0.24.2
2022-06-11 21:49:36,723:INFO:xgboost==1.5.1
2022-06-11 21:49:36,723:INFO:lightgbm==3.3.2
2022-06-11 21:49:36,723:INFO:catboost==1.0.4
2022-06-11 21:49:36,723:INFO:mlflow==1.26.0
2022-06-11 21:49:36,723:INFO:Checking Exceptions
2022-06-11 21:49:36,723:INFO:Declaring global variables
2022-06-11 21:49:36,723:INFO:USI: 106a
2022-06-11 21:49:36,723:INFO:pycaret_globals: {'y', 'log_plots_param', 'gpu_param', '_all_metrics', 'y_train', 'X', 'X_test', 'create_model_container', 'master_model_container', 'n_jobs_param', 'data_before_preprocess', '_available_plots', 'html_param', 'fold_shuffle_param', 'prep_pipe', 'USI', 'fold_param', '_internal_pipeline', 'experiment__', 'pycaret_globals', 'imputation_regressor', 'fold_groups_param', 'logging_param', 'transform_target_param', 'X_train', 'iterative_imputation_iters_param', 'fix_imbalance_param', 'transform_target_method_param', 'fold_generator', '_all_models_internal', 'exp_name_log', 'seed', '_ml_usecase', '_gpu_n_jobs_param', '_all_models', 'fix_imbalance_method_param', 'display_container', 'y_test', 'target_param', 'imputation_classifier', 'stratify_param'}
2022-06-11 21:49:36,723:INFO:Preparing display monitor
2022-06-11 21:49:36,723:INFO:Preparing display monitor
2022-06-11 21:49:36,738:INFO:Importing libraries
2022-06-11 21:49:36,738:INFO:Copying data for preprocessing
2022-06-11 21:49:36,770:INFO:Declaring preprocessing parameters
2022-06-11 21:49:36,823:INFO:Creating preprocessing pipeline
2022-06-11 21:49:37,771:INFO:Preprocessing pipeline created successfully
2022-06-11 21:49:37,771:ERROR:(Process Exit): setup has been interupted with user command 'quit'. setup must rerun.
2022-06-11 21:49:37,771:INFO:Creating global containers
2022-06-11 22:12:15,841:INFO:PyCaret Supervised Module
2022-06-11 22:12:15,841:INFO:ML Usecase: regression
2022-06-11 22:12:15,841:INFO:version 2.2.3
2022-06-11 22:12:15,841:INFO:Initializing setup()
2022-06-11 22:12:15,841:INFO:setup(target=rating_num, ml_usecase=regression, available_plots={'parameter': 'Hyperparameters', 'residuals': 'Residuals', 'error': 'Prediction Error', 'cooks': 'Cooks Distance', 'rfe': 'Feature Selection', 'learning': 'Learning Curve', 'manifold': 'Manifold Learning', 'vc': 'Validation Curve', 'feature': 'Feature Importance', 'feature_all': 'Feature Importance (All)', 'tree': 'Decision Tree'}, train_size=0.7, test_data=None, preprocess=True, imputation_type=simple, iterative_imputation_iters=5, categorical_features=None, categorical_imputation=constant, categorical_iterative_imputer=lightgbm, ordinal_features=None, high_cardinality_features=None, high_cardinality_method=frequency, numeric_features=None, numeric_imputation=mean, numeric_iterative_imputer=lightgbm, date_features=None, ignore_features=None, normalize=False, normalize_method=zscore, transformation=False, transformation_method=yeo-johnson, handle_unknown_categorical=True, unknown_categorical_method=least_frequent, pca=False, pca_method=linear, pca_components=None, ignore_low_variance=False, combine_rare_levels=False, rare_level_threshold=0.1, bin_numeric_features=None, remove_outliers=False, outliers_threshold=0.05, remove_multicollinearity=False, multicollinearity_threshold=0.9, remove_perfect_collinearity=True, create_clusters=False, cluster_iter=20, polynomial_features=False, polynomial_degree=2, trigonometry_features=False, polynomial_threshold=0.1, group_features=None, group_names=None, feature_selection=False, feature_selection_threshold=0.8, feature_selection_method=classic, feature_interaction=False, feature_ratio=False, interaction_threshold=0.01, fix_imbalance=False, fix_imbalance_method=None, transform_target=False, transform_target_method=box-cox, data_split_shuffle=True, data_split_stratify=False, fold_strategy=kfold, fold=10, fold_shuffle=False, fold_groups=None, n_jobs=-1, use_gpu=False, custom_pipeline=None, html=True, session_id=None, log_experiment=False, experiment_name=None, log_plots=False, log_profile=False, log_data=False, silent=False, verbose=True, profile=False, profile_kwargs=None, display=None)
2022-06-11 22:12:15,841:INFO:Checking environment
2022-06-11 22:12:15,841:INFO:python_version: 3.9.7
2022-06-11 22:12:15,841:INFO:python_build: ('default', 'Sep 16 2021 16:59:28')
2022-06-11 22:12:15,841:INFO:machine: AMD64
2022-06-11 22:12:15,841:INFO:platform: Windows-10-10.0.19044-SP0
2022-06-11 22:12:15,841:INFO:Memory: svmem(total=16919126016, available=7581052928, percent=55.2, used=9338073088, free=7581052928)
2022-06-11 22:12:15,841:INFO:Physical Core: 6
2022-06-11 22:12:15,841:INFO:Logical Core: 12
2022-06-11 22:12:15,841:INFO:Checking libraries
2022-06-11 22:12:15,841:INFO:pd==1.3.4
2022-06-11 22:12:15,841:INFO:numpy==1.20.3
2022-06-11 22:12:15,841:INFO:sklearn==0.24.2
2022-06-11 22:12:15,841:INFO:xgboost==1.5.1
2022-06-11 22:12:15,841:INFO:lightgbm==3.3.2
2022-06-11 22:12:15,841:INFO:catboost==1.0.4
2022-06-11 22:12:15,841:INFO:mlflow==1.26.0
2022-06-11 22:12:15,841:INFO:Checking Exceptions
2022-06-11 22:12:15,841:INFO:Declaring global variables
2022-06-11 22:12:15,841:INFO:USI: 3c37
2022-06-11 22:12:15,841:INFO:pycaret_globals: {'y', 'log_plots_param', 'gpu_param', '_all_metrics', 'y_train', 'X', 'X_test', 'create_model_container', 'master_model_container', 'n_jobs_param', 'data_before_preprocess', '_available_plots', 'html_param', 'fold_shuffle_param', 'prep_pipe', 'USI', 'fold_param', '_internal_pipeline', 'experiment__', 'pycaret_globals', 'imputation_regressor', 'fold_groups_param', 'logging_param', 'transform_target_param', 'X_train', 'iterative_imputation_iters_param', 'fix_imbalance_param', 'transform_target_method_param', 'fold_generator', '_all_models_internal', 'exp_name_log', 'seed', '_ml_usecase', '_gpu_n_jobs_param', '_all_models', 'fix_imbalance_method_param', 'display_container', 'y_test', 'target_param', 'imputation_classifier', 'stratify_param'}
2022-06-11 22:12:15,841:INFO:Preparing display monitor
2022-06-11 22:12:15,841:INFO:Preparing display monitor
2022-06-11 22:12:15,857:INFO:Importing libraries
2022-06-11 22:12:15,857:INFO:Copying data for preprocessing
2022-06-11 22:12:15,893:INFO:Declaring preprocessing parameters
2022-06-11 22:12:15,940:INFO:Creating preprocessing pipeline
2022-06-11 22:12:16,722:INFO:Preprocessing pipeline created successfully
2022-06-11 22:12:16,722:ERROR:(Process Exit): setup has been interupted with user command 'quit'. setup must rerun.
2022-06-11 22:12:16,722:INFO:Creating global containers
2022-06-11 22:13:50,660:INFO:PyCaret Supervised Module
2022-06-11 22:13:50,660:INFO:ML Usecase: regression
2022-06-11 22:13:50,660:INFO:version 2.2.3
2022-06-11 22:13:50,660:INFO:Initializing setup()
2022-06-11 22:13:50,660:INFO:setup(target=rating_num, ml_usecase=regression, available_plots={'parameter': 'Hyperparameters', 'residuals': 'Residuals', 'error': 'Prediction Error', 'cooks': 'Cooks Distance', 'rfe': 'Feature Selection', 'learning': 'Learning Curve', 'manifold': 'Manifold Learning', 'vc': 'Validation Curve', 'feature': 'Feature Importance', 'feature_all': 'Feature Importance (All)', 'tree': 'Decision Tree'}, train_size=0.7, test_data=None, preprocess=True, imputation_type=simple, iterative_imputation_iters=5, categorical_features=None, categorical_imputation=constant, categorical_iterative_imputer=lightgbm, ordinal_features=None, high_cardinality_features=None, high_cardinality_method=frequency, numeric_features=None, numeric_imputation=mean, numeric_iterative_imputer=lightgbm, date_features=None, ignore_features=None, normalize=False, normalize_method=zscore, transformation=False, transformation_method=yeo-johnson, handle_unknown_categorical=True, unknown_categorical_method=least_frequent, pca=False, pca_method=linear, pca_components=None, ignore_low_variance=False, combine_rare_levels=False, rare_level_threshold=0.1, bin_numeric_features=None, remove_outliers=False, outliers_threshold=0.05, remove_multicollinearity=False, multicollinearity_threshold=0.9, remove_perfect_collinearity=True, create_clusters=False, cluster_iter=20, polynomial_features=False, polynomial_degree=2, trigonometry_features=False, polynomial_threshold=0.1, group_features=None, group_names=None, feature_selection=False, feature_selection_threshold=0.8, feature_selection_method=classic, feature_interaction=False, feature_ratio=False, interaction_threshold=0.01, fix_imbalance=False, fix_imbalance_method=None, transform_target=False, transform_target_method=box-cox, data_split_shuffle=True, data_split_stratify=False, fold_strategy=kfold, fold=10, fold_shuffle=False, fold_groups=None, n_jobs=-1, use_gpu=False, custom_pipeline=None, html=True, session_id=None, log_experiment=False, experiment_name=None, log_plots=False, log_profile=False, log_data=False, silent=False, verbose=True, profile=False, profile_kwargs=None, display=None)
2022-06-11 22:13:50,660:INFO:Checking environment
2022-06-11 22:13:50,660:INFO:python_version: 3.9.7
2022-06-11 22:13:50,660:INFO:python_build: ('default', 'Sep 16 2021 16:59:28')
2022-06-11 22:13:50,660:INFO:machine: AMD64
2022-06-11 22:13:50,660:INFO:platform: Windows-10-10.0.19044-SP0
2022-06-11 22:13:50,660:INFO:Memory: svmem(total=16919126016, available=7196258304, percent=57.5, used=9722867712, free=7196258304)
2022-06-11 22:13:50,660:INFO:Physical Core: 6
2022-06-11 22:13:50,660:INFO:Logical Core: 12
2022-06-11 22:13:50,660:INFO:Checking libraries
2022-06-11 22:13:50,660:INFO:pd==1.3.4
2022-06-11 22:13:50,660:INFO:numpy==1.20.3
2022-06-11 22:13:50,660:INFO:sklearn==0.24.2
2022-06-11 22:13:50,660:INFO:xgboost==1.5.1
2022-06-11 22:13:50,660:INFO:lightgbm==3.3.2
2022-06-11 22:13:50,660:INFO:catboost==1.0.4
2022-06-11 22:13:50,660:INFO:mlflow==1.26.0
2022-06-11 22:13:50,660:INFO:Checking Exceptions
2022-06-11 22:13:50,660:INFO:Declaring global variables
2022-06-11 22:13:50,660:INFO:USI: 0eea
2022-06-11 22:13:50,660:INFO:pycaret_globals: {'y', 'log_plots_param', 'gpu_param', '_all_metrics', 'y_train', 'X', 'X_test', 'create_model_container', 'master_model_container', 'n_jobs_param', 'data_before_preprocess', '_available_plots', 'html_param', 'fold_shuffle_param', 'prep_pipe', 'USI', 'fold_param', '_internal_pipeline', 'experiment__', 'pycaret_globals', 'imputation_regressor', 'fold_groups_param', 'logging_param', 'transform_target_param', 'X_train', 'iterative_imputation_iters_param', 'fix_imbalance_param', 'transform_target_method_param', 'fold_generator', '_all_models_internal', 'exp_name_log', 'seed', '_ml_usecase', '_gpu_n_jobs_param', '_all_models', 'fix_imbalance_method_param', 'display_container', 'y_test', 'target_param', 'imputation_classifier', 'stratify_param'}
2022-06-11 22:13:50,675:INFO:Preparing display monitor
2022-06-11 22:13:50,675:INFO:Preparing display monitor
2022-06-11 22:13:50,675:INFO:Importing libraries
2022-06-11 22:13:50,675:INFO:Copying data for preprocessing
2022-06-11 22:13:50,705:INFO:Declaring preprocessing parameters
2022-06-11 22:13:50,768:INFO:Creating preprocessing pipeline
2022-06-11 22:13:51,520:INFO:Preprocessing pipeline created successfully
2022-06-11 22:13:51,520:ERROR:(Process Exit): setup has been interupted with user command 'quit'. setup must rerun.
2022-06-11 22:13:51,520:INFO:Creating global containers
2022-06-11 22:15:23,162:INFO:PyCaret Supervised Module
2022-06-11 22:15:23,162:INFO:ML Usecase: regression
2022-06-11 22:15:23,162:INFO:version 2.2.3
2022-06-11 22:15:23,162:INFO:Initializing setup()
2022-06-11 22:15:23,162:INFO:setup(target=rating_num, ml_usecase=regression, available_plots={'parameter': 'Hyperparameters', 'residuals': 'Residuals', 'error': 'Prediction Error', 'cooks': 'Cooks Distance', 'rfe': 'Feature Selection', 'learning': 'Learning Curve', 'manifold': 'Manifold Learning', 'vc': 'Validation Curve', 'feature': 'Feature Importance', 'feature_all': 'Feature Importance (All)', 'tree': 'Decision Tree'}, train_size=0.7, test_data=None, preprocess=True, imputation_type=simple, iterative_imputation_iters=5, categorical_features=None, categorical_imputation=constant, categorical_iterative_imputer=lightgbm, ordinal_features=None, high_cardinality_features=None, high_cardinality_method=frequency, numeric_features=None, numeric_imputation=mean, numeric_iterative_imputer=lightgbm, date_features=None, ignore_features=None, normalize=False, normalize_method=zscore, transformation=False, transformation_method=yeo-johnson, handle_unknown_categorical=True, unknown_categorical_method=least_frequent, pca=False, pca_method=linear, pca_components=None, ignore_low_variance=False, combine_rare_levels=False, rare_level_threshold=0.1, bin_numeric_features=None, remove_outliers=False, outliers_threshold=0.05, remove_multicollinearity=False, multicollinearity_threshold=0.9, remove_perfect_collinearity=True, create_clusters=False, cluster_iter=20, polynomial_features=False, polynomial_degree=2, trigonometry_features=False, polynomial_threshold=0.1, group_features=None, group_names=None, feature_selection=False, feature_selection_threshold=0.8, feature_selection_method=classic, feature_interaction=False, feature_ratio=False, interaction_threshold=0.01, fix_imbalance=False, fix_imbalance_method=None, transform_target=False, transform_target_method=box-cox, data_split_shuffle=True, data_split_stratify=False, fold_strategy=kfold, fold=10, fold_shuffle=False, fold_groups=None, n_jobs=-1, use_gpu=False, custom_pipeline=None, html=True, session_id=123, log_experiment=False, experiment_name=None, log_plots=False, log_profile=False, log_data=False, silent=False, verbose=True, profile=False, profile_kwargs=None, display=None)
2022-06-11 22:15:23,162:INFO:Checking environment
2022-06-11 22:15:23,162:INFO:python_version: 3.9.7
2022-06-11 22:15:23,162:INFO:python_build: ('default', 'Sep 16 2021 16:59:28')
2022-06-11 22:15:23,162:INFO:machine: AMD64
2022-06-11 22:15:23,162:INFO:platform: Windows-10-10.0.19044-SP0
2022-06-11 22:15:23,162:INFO:Memory: svmem(total=16919126016, available=7021531136, percent=58.5, used=9897594880, free=7021531136)
2022-06-11 22:15:23,162:INFO:Physical Core: 6
2022-06-11 22:15:23,162:INFO:Logical Core: 12
2022-06-11 22:15:23,162:INFO:Checking libraries
2022-06-11 22:15:23,162:INFO:pd==1.3.4
2022-06-11 22:15:23,173:INFO:numpy==1.20.3
2022-06-11 22:15:23,173:INFO:sklearn==0.24.2
2022-06-11 22:15:23,173:INFO:xgboost==1.5.1
2022-06-11 22:15:23,173:INFO:lightgbm==3.3.2
2022-06-11 22:15:23,173:INFO:catboost==1.0.4
2022-06-11 22:15:23,173:INFO:mlflow==1.26.0
2022-06-11 22:15:23,173:INFO:Checking Exceptions
2022-06-11 22:15:23,173:INFO:Declaring global variables
2022-06-11 22:15:23,173:INFO:USI: 2693
2022-06-11 22:15:23,173:INFO:pycaret_globals: {'y', 'log_plots_param', 'gpu_param', '_all_metrics', 'y_train', 'X', 'X_test', 'create_model_container', 'master_model_container', 'n_jobs_param', 'data_before_preprocess', '_available_plots', 'html_param', 'fold_shuffle_param', 'prep_pipe', 'USI', 'fold_param', '_internal_pipeline', 'experiment__', 'pycaret_globals', 'imputation_regressor', 'fold_groups_param', 'logging_param', 'transform_target_param', 'X_train', 'iterative_imputation_iters_param', 'fix_imbalance_param', 'transform_target_method_param', 'fold_generator', '_all_models_internal', 'exp_name_log', 'seed', '_ml_usecase', '_gpu_n_jobs_param', '_all_models', 'fix_imbalance_method_param', 'display_container', 'y_test', 'target_param', 'imputation_classifier', 'stratify_param'}
2022-06-11 22:15:23,173:INFO:Preparing display monitor
2022-06-11 22:15:23,173:INFO:Preparing display monitor
2022-06-11 22:15:23,181:INFO:Importing libraries
2022-06-11 22:15:23,181:INFO:Copying data for preprocessing
2022-06-11 22:15:23,204:INFO:Declaring preprocessing parameters
2022-06-11 22:15:23,266:INFO:Creating preprocessing pipeline
2022-06-11 22:15:24,021:INFO:Preprocessing pipeline created successfully
2022-06-11 22:15:24,021:ERROR:(Process Exit): setup has been interupted with user command 'quit'. setup must rerun.
2022-06-11 22:15:24,021:INFO:Creating global containers
2022-06-11 22:16:14,959:INFO:PyCaret Supervised Module
2022-06-11 22:16:14,959:INFO:ML Usecase: regression
2022-06-11 22:16:14,959:INFO:version 2.2.3
2022-06-11 22:16:14,959:INFO:Initializing setup()
2022-06-11 22:16:14,959:INFO:setup(target=rating_num, ml_usecase=regression, available_plots={'parameter': 'Hyperparameters', 'residuals': 'Residuals', 'error': 'Prediction Error', 'cooks': 'Cooks Distance', 'rfe': 'Feature Selection', 'learning': 'Learning Curve', 'manifold': 'Manifold Learning', 'vc': 'Validation Curve', 'feature': 'Feature Importance', 'feature_all': 'Feature Importance (All)', 'tree': 'Decision Tree'}, train_size=0.7, test_data=None, preprocess=True, imputation_type=simple, iterative_imputation_iters=5, categorical_features=None, categorical_imputation=constant, categorical_iterative_imputer=lightgbm, ordinal_features=None, high_cardinality_features=None, high_cardinality_method=frequency, numeric_features=None, numeric_imputation=mean, numeric_iterative_imputer=lightgbm, date_features=None, ignore_features=None, normalize=False, normalize_method=zscore, transformation=False, transformation_method=yeo-johnson, handle_unknown_categorical=True, unknown_categorical_method=least_frequent, pca=False, pca_method=linear, pca_components=None, ignore_low_variance=False, combine_rare_levels=False, rare_level_threshold=0.1, bin_numeric_features=None, remove_outliers=False, outliers_threshold=0.05, remove_multicollinearity=False, multicollinearity_threshold=0.9, remove_perfect_collinearity=True, create_clusters=False, cluster_iter=20, polynomial_features=False, polynomial_degree=2, trigonometry_features=False, polynomial_threshold=0.1, group_features=None, group_names=None, feature_selection=False, feature_selection_threshold=0.8, feature_selection_method=classic, feature_interaction=False, feature_ratio=False, interaction_threshold=0.01, fix_imbalance=False, fix_imbalance_method=None, transform_target=False, transform_target_method=box-cox, data_split_shuffle=True, data_split_stratify=False, fold_strategy=kfold, fold=10, fold_shuffle=True, fold_groups=None, n_jobs=-1, use_gpu=False, custom_pipeline=None, html=True, session_id=123, log_experiment=False, experiment_name=None, log_plots=False, log_profile=False, log_data=False, silent=False, verbose=True, profile=False, profile_kwargs=None, display=None)
2022-06-11 22:16:14,959:INFO:Checking environment
2022-06-11 22:16:14,959:INFO:python_version: 3.9.7
2022-06-11 22:16:14,959:INFO:python_build: ('default', 'Sep 16 2021 16:59:28')
2022-06-11 22:16:14,959:INFO:machine: AMD64
2022-06-11 22:16:14,959:INFO:platform: Windows-10-10.0.19044-SP0
2022-06-11 22:16:14,959:INFO:Memory: svmem(total=16919126016, available=6901649408, percent=59.2, used=10017476608, free=6901649408)
2022-06-11 22:16:14,959:INFO:Physical Core: 6
2022-06-11 22:16:14,959:INFO:Logical Core: 12
2022-06-11 22:16:14,959:INFO:Checking libraries
2022-06-11 22:16:14,959:INFO:pd==1.3.4
2022-06-11 22:16:14,959:INFO:numpy==1.20.3
2022-06-11 22:16:14,959:INFO:sklearn==0.24.2
2022-06-11 22:16:14,959:INFO:xgboost==1.5.1
2022-06-11 22:16:14,959:INFO:lightgbm==3.3.2
2022-06-11 22:16:14,959:INFO:catboost==1.0.4
2022-06-11 22:16:14,959:INFO:mlflow==1.26.0
2022-06-11 22:16:14,959:INFO:Checking Exceptions
2022-06-11 22:16:14,959:INFO:Declaring global variables
2022-06-11 22:16:14,959:INFO:USI: 94de
2022-06-11 22:16:14,959:INFO:pycaret_globals: {'y', 'log_plots_param', 'gpu_param', '_all_metrics', 'y_train', 'X', 'X_test', 'create_model_container', 'master_model_container', 'n_jobs_param', 'data_before_preprocess', '_available_plots', 'html_param', 'fold_shuffle_param', 'prep_pipe', 'USI', 'fold_param', '_internal_pipeline', 'experiment__', 'pycaret_globals', 'imputation_regressor', 'fold_groups_param', 'logging_param', 'transform_target_param', 'X_train', 'iterative_imputation_iters_param', 'fix_imbalance_param', 'transform_target_method_param', 'fold_generator', '_all_models_internal', 'exp_name_log', 'seed', '_ml_usecase', '_gpu_n_jobs_param', '_all_models', 'fix_imbalance_method_param', 'display_container', 'y_test', 'target_param', 'imputation_classifier', 'stratify_param'}
2022-06-11 22:16:14,959:INFO:Preparing display monitor
2022-06-11 22:16:14,959:INFO:Preparing display monitor
2022-06-11 22:16:14,959:INFO:Importing libraries
2022-06-11 22:16:14,959:INFO:Copying data for preprocessing
2022-06-11 22:16:15,006:INFO:Declaring preprocessing parameters
2022-06-11 22:16:15,059:INFO:Creating preprocessing pipeline
2022-06-11 22:16:15,819:INFO:Preprocessing pipeline created successfully
2022-06-11 22:16:15,819:ERROR:(Process Exit): setup has been interupted with user command 'quit'. setup must rerun.
2022-06-11 22:16:15,819:INFO:Creating global containers
2022-06-11 22:16:15,819:INFO:Internal pipeline: Pipeline(memory=None, steps=[('empty_step', 'passthrough')], verbose=False)
2022-06-11 22:16:58,354:INFO:Creating grid variables
2022-06-11 22:16:58,402:INFO:create_model_container: 0
2022-06-11 22:16:58,402:INFO:master_model_container: 0
2022-06-11 22:16:58,402:INFO:display_container: 1
2022-06-11 22:18:08,231:INFO:PyCaret Supervised Module
2022-06-11 22:18:08,231:INFO:ML Usecase: regression
2022-06-11 22:18:08,231:INFO:version 2.2.3
2022-06-11 22:18:08,231:INFO:Initializing setup()
2022-06-11 22:18:08,231:INFO:setup(target=rating_num, ml_usecase=regression, available_plots={'parameter': 'Hyperparameters', 'residuals': 'Residuals', 'error': 'Prediction Error', 'cooks': 'Cooks Distance', 'rfe': 'Feature Selection', 'learning': 'Learning Curve', 'manifold': 'Manifold Learning', 'vc': 'Validation Curve', 'feature': 'Feature Importance', 'feature_all': 'Feature Importance (All)', 'tree': 'Decision Tree'}, train_size=0.7, test_data=None, preprocess=True, imputation_type=iterative, iterative_imputation_iters=5, categorical_features=None, categorical_imputation=constant, categorical_iterative_imputer=lightgbm, ordinal_features=None, high_cardinality_features=None, high_cardinality_method=frequency, numeric_features=None, numeric_imputation=mean, numeric_iterative_imputer=lightgbm, date_features=None, ignore_features=None, normalize=False, normalize_method=zscore, transformation=False, transformation_method=yeo-johnson, handle_unknown_categorical=True, unknown_categorical_method=least_frequent, pca=False, pca_method=linear, pca_components=None, ignore_low_variance=False, combine_rare_levels=False, rare_level_threshold=0.1, bin_numeric_features=None, remove_outliers=False, outliers_threshold=0.05, remove_multicollinearity=False, multicollinearity_threshold=0.9, remove_perfect_collinearity=True, create_clusters=False, cluster_iter=20, polynomial_features=False, polynomial_degree=2, trigonometry_features=False, polynomial_threshold=0.1, group_features=None, group_names=None, feature_selection=False, feature_selection_threshold=0.8, feature_selection_method=classic, feature_interaction=False, feature_ratio=False, interaction_threshold=0.01, fix_imbalance=False, fix_imbalance_method=None, transform_target=False, transform_target_method=box-cox, data_split_shuffle=True, data_split_stratify=False, fold_strategy=kfold, fold=10, fold_shuffle=True, fold_groups=None, n_jobs=-1, use_gpu=False, custom_pipeline=None, html=True, session_id=123, log_experiment=False, experiment_name=None, log_plots=False, log_profile=False, log_data=False, silent=False, verbose=True, profile=False, profile_kwargs=None, display=None)
2022-06-11 22:18:08,231:INFO:Checking environment
2022-06-11 22:18:08,231:INFO:python_version: 3.9.7
2022-06-11 22:18:08,231:INFO:python_build: ('default', 'Sep 16 2021 16:59:28')
2022-06-11 22:18:08,231:INFO:machine: AMD64
2022-06-11 22:18:08,231:INFO:platform: Windows-10-10.0.19044-SP0
2022-06-11 22:18:08,231:INFO:Memory: svmem(total=16919126016, available=6989455360, percent=58.7, used=9929670656, free=6989455360)
2022-06-11 22:18:08,231:INFO:Physical Core: 6
2022-06-11 22:18:08,233:INFO:Logical Core: 12
2022-06-11 22:18:08,233:INFO:Checking libraries
2022-06-11 22:18:08,233:INFO:pd==1.3.4
2022-06-11 22:18:08,233:INFO:numpy==1.20.3
2022-06-11 22:18:08,233:INFO:sklearn==0.24.2
2022-06-11 22:18:08,233:INFO:xgboost==1.5.1
2022-06-11 22:18:08,233:INFO:lightgbm==3.3.2
2022-06-11 22:18:08,233:INFO:catboost==1.0.4
2022-06-11 22:18:08,233:INFO:mlflow==1.26.0
2022-06-11 22:18:08,233:INFO:Checking Exceptions
2022-06-11 22:18:08,233:INFO:Declaring global variables
2022-06-11 22:18:08,233:INFO:USI: 2bd8
2022-06-11 22:18:08,233:INFO:pycaret_globals: {'y', 'log_plots_param', 'gpu_param', '_all_metrics', 'y_train', 'X', 'X_test', 'create_model_container', 'master_model_container', 'n_jobs_param', 'data_before_preprocess', '_available_plots', 'html_param', 'fold_shuffle_param', 'prep_pipe', 'USI', 'fold_param', '_internal_pipeline', 'experiment__', 'pycaret_globals', 'imputation_regressor', 'fold_groups_param', 'logging_param', 'transform_target_param', 'X_train', 'iterative_imputation_iters_param', 'fix_imbalance_param', 'transform_target_method_param', 'fold_generator', '_all_models_internal', 'exp_name_log', 'seed', '_ml_usecase', '_gpu_n_jobs_param', '_all_models', 'fix_imbalance_method_param', 'display_container', 'y_test', 'target_param', 'imputation_classifier', 'stratify_param'}
2022-06-11 22:18:08,233:INFO:Preparing display monitor
2022-06-11 22:18:08,233:INFO:Preparing display monitor
2022-06-11 22:18:08,240:INFO:Importing libraries
2022-06-11 22:18:08,240:INFO:Copying data for preprocessing
2022-06-11 22:18:08,268:INFO:Declaring preprocessing parameters
2022-06-11 22:18:08,315:INFO:Setting up iterative imputation
2022-06-11 22:18:08,500:INFO:Creating preprocessing pipeline
2022-06-11 22:18:09,270:INFO:Preprocessing pipeline created successfully
2022-06-11 22:18:09,270:ERROR:(Process Exit): setup has been interupted with user command 'quit'. setup must rerun.
2022-06-11 22:18:09,270:INFO:Creating global containers
2022-06-11 22:18:09,270:INFO:Internal pipeline: Pipeline(memory=None, steps=[('empty_step', 'passthrough')], verbose=False)
2022-06-11 22:18:25,669:INFO:Iterative Imputation: 1 cycle | player_height
2022-06-11 22:18:28,288:INFO:Iterative Imputation: 1 cycle | player_weight
2022-06-11 22:18:30,814:INFO:Iterative Imputation: 1 cycle | player_defensive_derived_var_8
2022-06-11 22:18:33,278:INFO:Iterative Imputation: 1 cycle | player_defensive_derived_var_7
2022-06-11 22:18:35,930:INFO:Iterative Imputation: 1 cycle | player_defensive_derived_var_2
2022-06-11 22:18:38,217:INFO:Iterative Imputation: 1 cycle | player_defensive_derived_var_1
2022-06-11 22:18:40,545:INFO:Iterative Imputation: 1 cycle | player_defensive_derived_var_0
2022-06-11 22:18:42,861:INFO:Iterative Imputation: 1 cycle | player_other_ratio_var_86
2022-06-11 22:18:45,505:INFO:Iterative Imputation: 1 cycle | player_defensive_ratio_var_85
2022-06-11 22:18:48,065:INFO:Iterative Imputation: 1 cycle | player_defensive_ratio_var_82
2022-06-11 22:18:50,382:INFO:Iterative Imputation: 1 cycle | player_defensive_ratio_var_83
2022-06-11 22:18:52,569:INFO:Iterative Imputation: 1 cycle | player_other_raw_var_188
2022-06-11 22:18:54,471:INFO:Iterative Imputation: 1 cycle | player_defensive_ratio_var_81
2022-06-11 22:18:56,829:INFO:Iterative Imputation: 1 cycle | player_other_ratio_var_10
2022-06-11 22:18:58,893:INFO:Iterative Imputation: 1 cycle | player_defensive_derived_var_11
2022-06-11 22:19:01,139:INFO:Iterative Imputation: 1 cycle | player_other_raw_var_187
2022-06-11 22:19:03,446:INFO:Iterative Imputation: 1 cycle | player_defensive_ratio_var_84
2022-06-11 22:19:06,061:INFO:Iterative Imputation: 1 cycle | player_other_derived_var_13
2022-06-11 22:19:08,760:INFO:Iterative Imputation: 1 cycle | player_offensive_derived_var_25
2022-06-11 22:19:11,493:INFO:Iterative Imputation: 1 cycle | player_defensive_derived_var_19
2022-06-11 22:19:13,907:INFO:Iterative Imputation: 1 cycle | player_other_derived_var_42
2022-06-11 22:19:16,501:INFO:Iterative Imputation: 1 cycle | player_offensive_derived_var_41
2022-06-11 22:19:18,868:INFO:Iterative Imputation: 1 cycle | player_offensive_derived_var_38
2022-06-11 22:19:21,175:INFO:Iterative Imputation: 1 cycle | player_defensive_derived_var_37
2022-06-11 22:19:23,689:INFO:Iterative Imputation: 1 cycle | player_defensive_derived_var_33
2022-06-11 22:19:26,076:INFO:Iterative Imputation: 1 cycle | player_defensive_derived_var_32
2022-06-11 22:19:28,416:INFO:Iterative Imputation: 1 cycle | player_defensive_derived_var_31
2022-06-11 22:19:30,673:INFO:Iterative Imputation: 1 cycle | player_defensive_derived_var_29
2022-06-11 22:19:33,204:INFO:Iterative Imputation: 1 cycle | player_positional_derived_var_27
2022-06-11 22:19:35,463:INFO:Iterative Imputation: 1 cycle | player_offensive_derived_var_26
2022-06-11 22:19:38,046:INFO:Iterative Imputation: 1 cycle | player_offensive_raw_var_186
2022-06-11 22:19:40,371:INFO:Iterative Imputation: 1 cycle | player_offensive_derived_var_24
2022-06-11 22:19:43,013:INFO:Iterative Imputation: 1 cycle | player_positional_derived_var_22
2022-06-11 22:19:45,591:INFO:Iterative Imputation: 1 cycle | player_offensive_derived_var_21
2022-06-11 22:19:48,310:INFO:Iterative Imputation: 1 cycle | player_other_derived_var_20
2022-06-11 22:19:50,831:INFO:Iterative Imputation: 1 cycle | player_offensive_derived_var_17
2022-06-11 22:19:53,255:INFO:Iterative Imputation: 1 cycle | player_positional_raw_var_185
2022-06-11 22:19:55,846:INFO:Iterative Imputation: 1 cycle | player_other_raw_var_178
2022-06-11 22:19:57,833:INFO:Iterative Imputation: 1 cycle | player_other_raw_var_183
2022-06-11 22:20:00,373:INFO:Iterative Imputation: 1 cycle | player_other_raw_var_163
2022-06-11 22:20:02,219:INFO:Iterative Imputation: 1 cycle | player_general_raw_var_162
2022-06-11 22:20:05,004:INFO:Iterative Imputation: 1 cycle | player_defensive_raw_var_161
2022-06-11 22:20:07,019:INFO:Iterative Imputation: 1 cycle | player_other_raw_var_160
2022-06-11 22:20:08,873:INFO:Iterative Imputation: 1 cycle | player_other_raw_var_159
2022-06-11 22:20:11,087:INFO:Iterative Imputation: 1 cycle | player_offensive_raw_var_158
2022-06-11 22:20:13,681:INFO:Iterative Imputation: 1 cycle | player_other_raw_var_157
2022-06-11 22:20:16,258:INFO:Iterative Imputation: 1 cycle | player_offensive_raw_var_156
2022-06-11 22:20:18,440:INFO:Iterative Imputation: 1 cycle | player_offensive_raw_var_155
2022-06-11 22:20:20,516:INFO:Iterative Imputation: 1 cycle | player_other_raw_var_154
2022-06-11 22:20:22,637:INFO:Iterative Imputation: 1 cycle | player_offensive_raw_var_153
2022-06-11 22:20:24,736:INFO:Iterative Imputation: 1 cycle | player_other_raw_var_152
2022-06-11 22:20:26,748:INFO:Iterative Imputation: 1 cycle | player_offensive_raw_var_151
2022-06-11 22:20:28,618:INFO:Iterative Imputation: 1 cycle | player_offensive_raw_var_150
2022-06-11 22:20:30,722:INFO:Iterative Imputation: 1 cycle | player_other_raw_var_149
2022-06-11 22:20:33,379:INFO:Iterative Imputation: 1 cycle | player_other_raw_var_164
2022-06-11 22:20:35,776:INFO:Iterative Imputation: 1 cycle | player_other_raw_var_184
2022-06-11 22:20:39,188:INFO:Iterative Imputation: 1 cycle | player_defensive_raw_var_165
2022-06-11 22:20:40,992:INFO:Iterative Imputation: 1 cycle | player_other_raw_var_167
2022-06-11 22:20:44,051:INFO:Iterative Imputation: 1 cycle | player_offensive_raw_var_182
2022-06-11 22:20:46,523:INFO:Iterative Imputation: 1 cycle | player_other_raw_var_181
2022-06-11 22:20:49,802:INFO:Iterative Imputation: 1 cycle | player_other_raw_var_180
2022-06-11 22:20:52,512:INFO:Iterative Imputation: 1 cycle | player_other_raw_var_179
2022-06-11 22:20:54,855:INFO:Iterative Imputation: 1 cycle | player_offensive_derived_var_46
2022-06-11 22:20:57,424:INFO:Iterative Imputation: 1 cycle | player_other_raw_var_177
2022-06-11 22:20:59,749:INFO:Iterative Imputation: 1 cycle | player_other_raw_var_176
2022-06-11 22:21:01,921:INFO:Iterative Imputation: 1 cycle | player_other_raw_var_175
2022-06-11 22:21:03,982:INFO:Iterative Imputation: 1 cycle | player_positional_raw_var_174
2022-06-11 22:21:06,186:INFO:Iterative Imputation: 1 cycle | player_other_raw_var_173
2022-06-11 22:21:08,849:INFO:Iterative Imputation: 1 cycle | player_other_raw_var_172
2022-06-11 22:21:11,698:INFO:Iterative Imputation: 1 cycle | player_other_raw_var_171
2022-06-11 22:21:14,594:INFO:Iterative Imputation: 1 cycle | player_offensive_raw_var_170
2022-06-11 22:21:16,875:INFO:Iterative Imputation: 1 cycle | player_other_raw_var_169
2022-06-11 22:21:19,493:INFO:Iterative Imputation: 1 cycle | player_other_raw_var_168
2022-06-11 22:21:22,298:INFO:Iterative Imputation: 1 cycle | player_defensive_raw_var_166
2022-06-11 22:21:25,152:INFO:Iterative Imputation: 1 cycle | player_offensive_derived_var_47
2022-06-11 22:21:27,839:INFO:Iterative Imputation: 1 cycle | player_offensive_derived_var_55
2022-06-11 22:21:30,863:INFO:Iterative Imputation: 1 cycle | player_offensive_derived_var_50
2022-06-11 22:21:33,219:INFO:Iterative Imputation: 1 cycle | player_defensive_derived_var_132
2022-06-11 22:21:35,860:INFO:Iterative Imputation: 1 cycle | player_positional_derived_var_130
2022-06-11 22:21:38,550:INFO:Iterative Imputation: 1 cycle | player_offensive_derived_var_129
2022-06-11 22:21:41,431:INFO:Iterative Imputation: 1 cycle | player_offensive_derived_var_128
2022-06-11 22:21:44,736:INFO:Iterative Imputation: 1 cycle | player_offensive_derived_var_127
2022-06-11 22:21:47,926:INFO:Iterative Imputation: 1 cycle | player_positional_derived_var_125
2022-06-11 22:21:50,271:INFO:Iterative Imputation: 1 cycle | player_defensive_derived_var_134
2022-06-11 22:21:52,966:INFO:Iterative Imputation: 1 cycle | player_offensive_derived_var_124
2022-06-11 22:21:55,567:INFO:Iterative Imputation: 1 cycle | player_defensive_derived_var_122
2022-06-11 22:21:58,111:INFO:Iterative Imputation: 1 cycle | player_offensive_derived_var_120
2022-06-11 22:22:00,535:INFO:Iterative Imputation: 1 cycle | player_offensive_derived_var_119
2022-06-11 22:22:02,962:INFO:Iterative Imputation: 1 cycle | player_other_derived_var_115
2022-06-11 22:22:05,948:INFO:Iterative Imputation: 1 cycle | player_defensive_derived_var_113
2022-06-11 22:22:08,424:INFO:Iterative Imputation: 1 cycle | player_offensive_derived_var_110
2022-06-11 22:22:10,986:INFO:Iterative Imputation: 1 cycle | player_other_derived_var_123
2022-06-11 22:22:13,682:INFO:Iterative Imputation: 1 cycle | player_offensive_derived_var_135
2022-06-11 22:22:16,204:INFO:Iterative Imputation: 1 cycle | player_positional_derived_var_136
2022-06-11 22:22:18,893:INFO:Iterative Imputation: 1 cycle | player_defensive_derived_var_137
2022-06-11 22:22:20,813:INFO:Iterative Imputation: 1 cycle | player_offensive_derived_var_161
2022-06-11 22:22:23,206:INFO:Iterative Imputation: 1 cycle | player_offensive_derived_var_159
2022-06-11 22:22:25,186:INFO:Iterative Imputation: 1 cycle | player_offensive_derived_var_158
2022-06-11 22:22:27,421:INFO:Iterative Imputation: 1 cycle | player_general_derived_var_156
2022-06-11 22:22:29,969:INFO:Iterative Imputation: 1 cycle | player_offensive_derived_var_155
2022-06-11 22:22:32,629:INFO:Iterative Imputation: 1 cycle | player_offensive_derived_var_154
2022-06-11 22:22:35,669:INFO:Iterative Imputation: 1 cycle | player_offensive_derived_var_153
2022-06-11 22:22:38,449:INFO:Iterative Imputation: 1 cycle | player_general_derived_var_152
2022-06-11 22:22:40,809:INFO:Iterative Imputation: 1 cycle | player_offensive_derived_var_151
2022-06-11 22:22:43,939:INFO:Iterative Imputation: 1 cycle | player_defensive_derived_var_149
2022-06-11 22:22:46,337:INFO:Iterative Imputation: 1 cycle | player_general_derived_var_148
2022-06-11 22:22:48,435:INFO:Iterative Imputation: 1 cycle | player_general_derived_var_146
2022-06-11 22:22:51,267:INFO:Iterative Imputation: 1 cycle | player_other_derived_var_145
2022-06-11 22:22:54,287:INFO:Iterative Imputation: 1 cycle | player_defensive_derived_var_142
2022-06-11 22:22:56,385:INFO:Iterative Imputation: 1 cycle | player_defensive_derived_var_138
2022-06-11 22:22:58,400:INFO:Iterative Imputation: 1 cycle | player_defensive_derived_var_109
2022-06-11 22:23:01,175:INFO:Iterative Imputation: 1 cycle | player_defensive_derived_var_108
2022-06-11 22:23:04,100:INFO:Iterative Imputation: 1 cycle | player_offensive_derived_var_104
2022-06-11 22:23:06,585:INFO:Iterative Imputation: 1 cycle | player_defensive_derived_var_103
2022-06-11 22:23:09,255:INFO:Iterative Imputation: 1 cycle | player_defensive_derived_var_72
2022-06-11 22:23:12,301:INFO:Iterative Imputation: 1 cycle | player_offensive_derived_var_68
2022-06-11 22:23:14,753:INFO:Iterative Imputation: 1 cycle | player_defensive_derived_var_67
2022-06-11 22:23:17,214:INFO:Iterative Imputation: 1 cycle | player_defensive_derived_var_66
2022-06-11 22:23:19,842:INFO:Iterative Imputation: 1 cycle | player_defensive_derived_var_65
2022-06-11 22:23:22,420:INFO:Iterative Imputation: 1 cycle | player_positional_derived_var_64
2022-06-11 22:23:25,116:INFO:Iterative Imputation: 1 cycle | player_offensive_derived_var_63
2022-06-11 22:23:27,439:INFO:Iterative Imputation: 1 cycle | player_offensive_derived_var_60
2022-06-11 22:23:29,703:INFO:Iterative Imputation: 1 cycle | player_defensive_derived_var_58
2022-06-11 22:23:32,270:INFO:Iterative Imputation: 1 cycle | player_positional_derived_var_57
2022-06-11 22:23:34,869:INFO:Iterative Imputation: 1 cycle | player_offensive_derived_var_56
2022-06-11 22:23:37,545:INFO:Iterative Imputation: 1 cycle | player_offensive_raw_var_148
2022-06-11 22:23:39,445:INFO:Iterative Imputation: 1 cycle | player_positional_derived_var_53
2022-06-11 22:23:41,894:INFO:Iterative Imputation: 1 cycle | player_offensive_derived_var_52
2022-06-11 22:23:45,005:INFO:Iterative Imputation: 1 cycle | player_other_derived_var_51
2022-06-11 22:23:47,968:INFO:Iterative Imputation: 1 cycle | player_offensive_derived_var_73
2022-06-11 22:23:50,492:INFO:Iterative Imputation: 1 cycle | player_defensive_derived_var_49
2022-06-11 22:23:53,360:INFO:Iterative Imputation: 1 cycle | player_other_derived_var_76
2022-06-11 22:23:56,609:INFO:Iterative Imputation: 1 cycle | player_offensive_derived_var_81
2022-06-11 22:23:59,122:INFO:Iterative Imputation: 1 cycle | player_defensive_derived_var_102
2022-06-11 22:24:01,654:INFO:Iterative Imputation: 1 cycle | player_positional_derived_var_100
2022-06-11 22:24:04,255:INFO:Iterative Imputation: 1 cycle | player_offensive_derived_var_99
2022-06-11 22:24:06,687:INFO:Iterative Imputation: 1 cycle | player_defensive_derived_var_98
2022-06-11 22:24:09,227:INFO:Iterative Imputation: 1 cycle | player_defensive_derived_var_95
2022-06-11 22:24:11,880:INFO:Iterative Imputation: 1 cycle | player_defensive_derived_var_93
2022-06-11 22:24:14,495:INFO:Iterative Imputation: 1 cycle | player_positional_derived_var_92
2022-06-11 22:24:17,183:INFO:Iterative Imputation: 1 cycle | player_offensive_derived_var_91
2022-06-11 22:24:19,932:INFO:Iterative Imputation: 1 cycle | player_offensive_derived_var_90
2022-06-11 22:24:22,848:INFO:Iterative Imputation: 1 cycle | player_offensive_derived_var_89
2022-06-11 22:24:25,773:INFO:Iterative Imputation: 1 cycle | player_positional_derived_var_87
2022-06-11 22:24:28,094:INFO:Iterative Imputation: 1 cycle | player_offensive_derived_var_86
2022-06-11 22:24:30,751:INFO:Iterative Imputation: 1 cycle | player_positional_derived_var_85
2022-06-11 22:24:33,566:INFO:Iterative Imputation: 1 cycle | player_other_derived_var_84
2022-06-11 22:24:36,347:INFO:Iterative Imputation: 1 cycle | player_defensive_derived_var_83
2022-06-11 22:24:39,386:INFO:Iterative Imputation: 1 cycle | player_offensive_derived_var_80
2022-06-11 22:24:42,328:INFO:Iterative Imputation: 1 cycle | player_other_raw_var_147
2022-06-11 22:24:44,897:INFO:Iterative Imputation: 1 cycle | player_defensive_derived_var_101
2022-06-11 22:24:48,058:INFO:Iterative Imputation: 1 cycle | player_offensive_raw_var_145
2022-06-11 22:24:50,345:INFO:Iterative Imputation: 1 cycle | player_other_raw_var_81
2022-06-11 22:24:53,078:INFO:Iterative Imputation: 1 cycle | player_other_raw_var_80
2022-06-11 22:24:56,966:INFO:Iterative Imputation: 1 cycle | player_offensive_raw_var_79
2022-06-11 22:24:59,141:INFO:Iterative Imputation: 1 cycle | player_general_raw_var_78
2022-06-11 22:25:01,222:INFO:Iterative Imputation: 1 cycle | player_offensive_raw_var_77
2022-06-11 22:25:03,519:INFO:Iterative Imputation: 1 cycle | player_other_raw_var_76
2022-06-11 22:25:06,042:INFO:Iterative Imputation: 1 cycle | player_other_raw_var_75
2022-06-11 22:25:09,072:INFO:Iterative Imputation: 1 cycle | player_defensive_raw_var_74
2022-06-11 22:25:11,985:INFO:Iterative Imputation: 1 cycle | player_offensive_raw_var_73
2022-06-11 22:25:14,517:INFO:Iterative Imputation: 1 cycle | player_general_raw_var_72
2022-06-11 22:25:16,991:INFO:Iterative Imputation: 1 cycle | player_general_raw_var_71
2022-06-11 22:25:19,349:INFO:Iterative Imputation: 1 cycle | player_other_raw_var_69
2022-06-11 22:25:22,326:INFO:Iterative Imputation: 1 cycle | player_other_raw_var_68
2022-06-11 22:25:25,432:INFO:Iterative Imputation: 1 cycle | player_defensive_raw_var_67
2022-06-11 22:25:28,284:INFO:Iterative Imputation: 1 cycle | player_defensive_raw_var_66
2022-06-11 22:25:30,861:INFO:Iterative Imputation: 1 cycle | player_other_raw_var_82
2022-06-11 22:25:33,388:INFO:Iterative Imputation: 1 cycle | player_defensive_raw_var_65
2022-06-11 22:25:36,077:INFO:Iterative Imputation: 1 cycle | player_other_raw_var_83
2022-06-11 22:25:39,901:INFO:Iterative Imputation: 1 cycle | player_other_raw_var_85
2022-06-11 22:25:42,385:INFO:Iterative Imputation: 1 cycle | player_defensive_raw_var_100
2022-06-11 22:25:44,842:INFO:Iterative Imputation: 1 cycle | player_other_raw_var_99
2022-06-11 22:25:47,063:INFO:Iterative Imputation: 1 cycle | player_other_raw_var_98
2022-06-11 22:25:49,188:INFO:Iterative Imputation: 1 cycle | player_defensive_raw_var_97
2022-06-11 22:25:51,311:INFO:Iterative Imputation: 1 cycle | player_other_raw_var_96
2022-06-11 22:25:53,292:INFO:Iterative Imputation: 1 cycle | player_defensive_raw_var_95
2022-06-11 22:25:56,104:INFO:Iterative Imputation: 1 cycle | player_defensive_raw_var_94
2022-06-11 22:25:58,710:INFO:Iterative Imputation: 1 cycle | player_defensive_raw_var_93
2022-06-11 22:26:01,372:INFO:Iterative Imputation: 1 cycle | player_defensive_raw_var_92
2022-06-11 22:26:03,625:INFO:Iterative Imputation: 1 cycle | player_other_raw_var_91
2022-06-11 22:26:06,256:INFO:Iterative Imputation: 1 cycle | player_other_raw_var_90
2022-06-11 22:26:08,521:INFO:Iterative Imputation: 1 cycle | player_other_raw_var_89
2022-06-11 22:26:10,948:INFO:Iterative Imputation: 1 cycle | player_other_raw_var_88
2022-06-11 22:26:13,136:INFO:Iterative Imputation: 1 cycle | player_offensive_raw_var_87
2022-06-11 22:26:15,345:INFO:Iterative Imputation: 1 cycle | player_positional_raw_var_86
2022-06-11 22:26:18,847:INFO:Iterative Imputation: 1 cycle | player_other_raw_var_84
2022-06-11 22:26:21,545:INFO:Iterative Imputation: 1 cycle | player_other_raw_var_101
2022-06-11 22:26:24,315:INFO:Iterative Imputation: 1 cycle | player_other_raw_var_64
2022-06-11 22:26:27,054:INFO:Iterative Imputation: 1 cycle | player_defensive_raw_var_62
2022-06-11 22:26:29,601:INFO:Iterative Imputation: 1 cycle | player_defensive_raw_var_42
2022-06-11 22:26:32,061:INFO:Iterative Imputation: 1 cycle | player_other_raw_var_41
2022-06-11 22:26:34,638:INFO:Iterative Imputation: 1 cycle | player_other_raw_var_40
2022-06-11 22:26:36,950:INFO:Iterative Imputation: 1 cycle | player_other_raw_var_39
2022-06-11 22:26:39,408:INFO:Iterative Imputation: 1 cycle | player_other_raw_var_38
2022-06-11 22:26:41,925:INFO:Iterative Imputation: 1 cycle | player_other_raw_var_37
2022-06-11 22:26:45,126:INFO:Iterative Imputation: 1 cycle | player_other_raw_var_36
2022-06-11 22:26:47,638:INFO:Iterative Imputation: 1 cycle | player_other_raw_var_35
2022-06-11 22:26:50,241:INFO:Iterative Imputation: 1 cycle | player_other_raw_var_34
2022-06-11 22:26:52,993:INFO:Iterative Imputation: 1 cycle | player_other_raw_var_33
2022-06-11 22:26:55,545:INFO:Iterative Imputation: 1 cycle | player_offensive_raw_var_32
2022-06-11 22:26:57,929:INFO:Iterative Imputation: 1 cycle | player_offensive_raw_var_31
2022-06-11 22:27:00,550:INFO:Iterative Imputation: 1 cycle | player_position_2
2022-06-11 22:27:03,173:INFO:Iterative Imputation: 1 cycle | player_position_1
2022-06-11 22:27:05,777:INFO:Iterative Imputation: 1 cycle | player_other_raw_var_146
2022-06-11 22:27:07,892:INFO:Iterative Imputation: 1 cycle | player_defensive_raw_var_43
2022-06-11 22:27:10,424:INFO:Iterative Imputation: 1 cycle | player_other_raw_var_63
2022-06-11 22:27:13,165:INFO:Iterative Imputation: 1 cycle | player_other_raw_var_44
2022-06-11 22:27:15,831:INFO:Iterative Imputation: 1 cycle | player_offensive_raw_var_46
2022-06-11 22:27:18,464:INFO:Iterative Imputation: 1 cycle | player_defensive_raw_var_61
2022-06-11 22:27:20,612:INFO:Iterative Imputation: 1 cycle | player_offensive_raw_var_60
2022-06-11 22:27:23,076:INFO:Iterative Imputation: 1 cycle | player_other_raw_var_59
2022-06-11 22:27:25,538:INFO:Iterative Imputation: 1 cycle | player_other_raw_var_58
2022-06-11 22:27:28,027:INFO:Iterative Imputation: 1 cycle | player_other_raw_var_57
2022-06-11 22:27:30,428:INFO:Iterative Imputation: 1 cycle | player_other_raw_var_56
2022-06-11 22:27:33,027:INFO:Iterative Imputation: 1 cycle | player_positional_raw_var_55
2022-06-11 22:27:35,275:INFO:Iterative Imputation: 1 cycle | player_other_raw_var_54
2022-06-11 22:27:37,632:INFO:Iterative Imputation: 1 cycle | player_offensive_raw_var_53
2022-06-11 22:27:40,018:INFO:Iterative Imputation: 1 cycle | player_defensive_raw_var_52
2022-06-11 22:27:42,449:INFO:Iterative Imputation: 1 cycle | player_other_raw_var_51
2022-06-11 22:27:45,557:INFO:Iterative Imputation: 1 cycle | player_offensive_raw_var_50
2022-06-11 22:27:48,236:INFO:Iterative Imputation: 1 cycle | player_offensive_raw_var_49
2022-06-11 22:27:50,870:INFO:Iterative Imputation: 1 cycle | player_defensive_raw_var_48
2022-06-11 22:27:53,063:INFO:Iterative Imputation: 1 cycle | player_other_raw_var_47
2022-06-11 22:27:55,958:INFO:Iterative Imputation: 1 cycle | player_other_raw_var_45
2022-06-11 22:27:59,021:INFO:Iterative Imputation: 1 cycle | player_offensive_raw_var_102
2022-06-11 22:28:01,792:INFO:Iterative Imputation: 1 cycle | player_defensive_raw_var_70
2022-06-11 22:28:04,681:INFO:Iterative Imputation: 1 cycle | player_other_raw_var_127
2022-06-11 22:28:07,412:INFO:Iterative Imputation: 1 cycle | player_offensive_raw_var_120
2022-06-11 22:28:10,497:INFO:Iterative Imputation: 1 cycle | player_other_raw_var_119
2022-06-11 22:28:13,559:INFO:Iterative Imputation: 1 cycle | player_other_raw_var_118
2022-06-11 22:28:16,678:INFO:Iterative Imputation: 1 cycle | player_other_raw_var_117
2022-06-11 22:28:19,381:INFO:Iterative Imputation: 1 cycle | player_offensive_raw_var_116
2022-06-11 22:28:22,102:INFO:Iterative Imputation: 1 cycle | player_offensive_raw_var_115
2022-06-11 22:28:25,481:INFO:Iterative Imputation: 1 cycle | player_general_raw_var_114
2022-06-11 22:28:28,166:INFO:Iterative Imputation: 1 cycle | player_other_raw_var_121
2022-06-11 22:28:31,729:INFO:Iterative Imputation: 1 cycle | player_other_raw_var_113
2022-06-11 22:28:34,502:INFO:Iterative Imputation: 1 cycle | player_other_raw_var_111
2022-06-11 22:28:37,646:INFO:Iterative Imputation: 1 cycle | player_positional_raw_var_110
2022-06-11 22:28:40,610:INFO:Iterative Imputation: 1 cycle | player_other_raw_var_109
2022-06-11 22:28:43,749:INFO:Iterative Imputation: 1 cycle | player_other_raw_var_107
2022-06-11 22:28:46,632:INFO:Iterative Imputation: 1 cycle | player_other_raw_var_106
2022-06-11 22:28:49,381:INFO:Iterative Imputation: 1 cycle | player_offensive_raw_var_105
2022-06-11 22:28:52,240:INFO:Iterative Imputation: 1 cycle | player_other_raw_var_104
2022-06-11 22:28:55,237:INFO:Iterative Imputation: 1 cycle | player_other_raw_var_112
2022-06-11 22:28:58,091:INFO:Iterative Imputation: 1 cycle | player_offensive_raw_var_122
2022-06-11 22:29:01,598:INFO:Iterative Imputation: 1 cycle | player_other_raw_var_123
2022-06-11 22:29:04,985:INFO:Iterative Imputation: 1 cycle | player_other_raw_var_124
2022-06-11 22:29:08,233:INFO:Iterative Imputation: 1 cycle | player_other_raw_var_141
2022-06-11 22:29:11,467:INFO:Iterative Imputation: 1 cycle | player_other_raw_var_140
2022-06-11 22:29:15,041:INFO:Iterative Imputation: 1 cycle | player_other_raw_var_139
2022-06-11 22:29:17,996:INFO:Iterative Imputation: 1 cycle | player_offensive_raw_var_138
2022-06-11 22:29:20,761:INFO:Iterative Imputation: 1 cycle | player_defensive_raw_var_137
2022-06-11 22:29:23,977:INFO:Iterative Imputation: 1 cycle | player_other_raw_var_136
2022-06-11 22:29:27,373:INFO:Iterative Imputation: 1 cycle | player_other_raw_var_135
2022-06-11 22:29:30,949:INFO:Iterative Imputation: 1 cycle | player_other_raw_var_134
2022-06-11 22:29:34,058:INFO:Iterative Imputation: 1 cycle | player_offensive_raw_var_133
2022-06-11 22:29:36,695:INFO:Iterative Imputation: 1 cycle | player_other_raw_var_132
2022-06-11 22:29:39,443:INFO:Iterative Imputation: 1 cycle | player_offensive_raw_var_131
2022-06-11 22:29:42,229:INFO:Iterative Imputation: 1 cycle | player_offensive_raw_var_130
2022-06-11 22:29:45,111:INFO:Iterative Imputation: 1 cycle | player_offensive_raw_var_129
2022-06-11 22:29:47,923:INFO:Iterative Imputation: 1 cycle | player_other_raw_var_128
2022-06-11 22:29:51,167:INFO:Iterative Imputation: 1 cycle | player_other_raw_var_142
2022-06-11 22:29:55,159:INFO:Iterative Imputation: 1 cycle | player_offensive_raw_var_126
2022-06-11 22:29:58,360:INFO:Iterative Imputation: 1 cycle | player_other_raw_var_125
2022-06-11 22:30:01,071:INFO:Iterative Imputation: 1 cycle | player_other_raw_var_144
2022-06-11 22:30:03,416:INFO:Iterative Imputation: 1 cycle | player_other_raw_var_103
2022-06-11 22:30:06,788:INFO:Iterative Imputation: 1 cycle | player_other_raw_var_108
2022-06-11 22:30:10,328:INFO:Iterative Imputation: 1 cycle | player_other_ratio_var_11
2022-06-11 22:30:13,769:INFO:Iterative Imputation: 1 cycle | player_other_ratio_var_48
2022-06-11 22:30:16,965:INFO:Iterative Imputation: 1 cycle | player_other_ratio_var_62
2022-06-11 22:30:19,883:INFO:Iterative Imputation: 1 cycle | player_other_ratio_var_41
2022-06-11 22:30:23,094:INFO:Iterative Imputation: 1 cycle | player_other_ratio_var_61
2022-06-11 22:30:25,755:INFO:Iterative Imputation: 1 cycle | player_other_ratio_var_60
2022-06-11 22:30:28,415:INFO:Iterative Imputation: 1 cycle | player_other_ratio_var_43
2022-06-11 22:30:31,160:INFO:Iterative Imputation: 1 cycle | player_other_ratio_var_56
2022-06-11 22:30:34,091:INFO:Iterative Imputation: 1 cycle | team2_offensive_derived_var_11
2022-06-11 22:30:37,073:INFO:Iterative Imputation: 1 cycle | team2_defensive_derived_var_2
2022-06-11 22:30:40,116:INFO:Iterative Imputation: 1 cycle | team1_offensive_derived_var_11
2022-06-11 22:30:43,208:INFO:Iterative Imputation: 1 cycle | team1_defensive_derived_var_2
2022-06-11 22:30:46,607:INFO:Iterative Imputation: 1 cycle | player_offensive_ratio_var_50
2022-06-11 22:30:49,254:INFO:Iterative Imputation: 1 cycle | player_offensive_ratio_var_53
2022-06-11 22:30:51,931:INFO:Iterative Imputation: 1 cycle | player_other_ratio_var_42
2022-06-11 22:30:54,887:INFO:Iterative Imputation: 1 cycle | player_other_ratio_var_63
2022-06-11 22:30:57,909:INFO:Iterative Imputation: 1 cycle | player_offensive_ratio_var_45
2022-06-11 22:31:00,996:INFO:Iterative Imputation: 1 cycle | player_other_raw_var_6
2022-06-11 22:31:03,651:INFO:Iterative Imputation: 1 cycle | team2_offensive_derived_var_7
2022-06-11 22:31:06,391:INFO:Iterative Imputation: 1 cycle | team2_offensive_raw_var_13
2022-06-11 22:31:08,618:INFO:Iterative Imputation: 1 cycle | team2_other_raw_var_11
2022-06-11 22:31:11,118:INFO:Iterative Imputation: 1 cycle | team2_offensive_raw_var_10
2022-06-11 22:31:13,942:INFO:Iterative Imputation: 1 cycle | team2_offensive_raw_var_4
2022-06-11 22:31:17,438:INFO:Iterative Imputation: 1 cycle | team2_offensive_raw_var_7
2022-06-11 22:31:20,006:INFO:Iterative Imputation: 1 cycle | team2_other_raw_var_5
2022-06-11 22:31:22,479:INFO:Iterative Imputation: 1 cycle | team1_offensive_raw_var_13
2022-06-11 22:31:24,558:INFO:Iterative Imputation: 1 cycle | team1_offensive_raw_var_4
2022-06-11 22:31:26,729:INFO:Iterative Imputation: 1 cycle | team1_offensive_derived_var_7
2022-06-11 22:31:29,335:INFO:Iterative Imputation: 1 cycle | team1_other_raw_var_11
2022-06-11 22:31:31,696:INFO:Iterative Imputation: 1 cycle | team1_offensive_raw_var_10
2022-06-11 22:31:33,714:INFO:Iterative Imputation: 1 cycle | team1_offensive_raw_var_7
2022-06-11 22:31:35,965:INFO:Iterative Imputation: 1 cycle | team1_other_raw_var_5
2022-06-11 22:31:38,385:INFO:Iterative Imputation: 1 cycle | team1_defensive_raw_var_6
2022-06-11 22:31:40,424:INFO:Iterative Imputation: 1 cycle | team2_other_raw_var_2
2022-06-11 22:31:42,778:INFO:Iterative Imputation: 1 cycle | team1_defensive_raw_var_3
2022-06-11 22:31:44,534:INFO:Iterative Imputation: 1 cycle | team1_other_raw_var_2
2022-06-11 22:31:46,745:INFO:Iterative Imputation: 1 cycle | team1_other_raw_var_8
2022-06-11 22:31:49,096:INFO:Iterative Imputation: 1 cycle | team1_defensive_raw_var_9
2022-06-11 22:31:51,431:INFO:Iterative Imputation: 1 cycle | team2_defensive_raw_var_3
2022-06-11 22:31:53,605:INFO:Iterative Imputation: 1 cycle | team2_defensive_raw_var_6
2022-06-11 22:31:55,785:INFO:Iterative Imputation: 1 cycle | team2_defensive_derived_var_6
2022-06-11 22:31:58,607:INFO:Iterative Imputation: 1 cycle | team2_other_raw_var_8
2022-06-11 22:32:00,450:INFO:Iterative Imputation: 1 cycle | team2_defensive_raw_var_9
2022-06-11 22:32:01,976:INFO:Iterative Imputation: 1 cycle | team1_defensive_derived_var_6
2022-06-11 22:32:04,570:INFO:Iterative Imputation: 1 cycle | team2_defensive_raw_var_12
2022-06-11 22:32:06,253:INFO:Iterative Imputation: 1 cycle | team1_defensive_raw_var_12
2022-06-11 22:32:07,860:INFO:Iterative Imputation: 1 cycle | player_other_raw_var_28
2022-06-11 22:32:09,803:INFO:Iterative Imputation: 1 cycle | player_other_raw_var_10
2022-06-11 22:32:12,992:INFO:Iterative Imputation: 1 cycle | player_other_raw_var_12
2022-06-11 22:32:15,467:INFO:Iterative Imputation: 1 cycle | player_other_raw_var_13
2022-06-11 22:32:18,497:INFO:Iterative Imputation: 1 cycle | player_other_raw_var_14
2022-06-11 22:32:20,774:INFO:Iterative Imputation: 1 cycle | player_offensive_raw_var_7
2022-06-11 22:32:23,260:INFO:Iterative Imputation: 1 cycle | player_positional_raw_var_15
2022-06-11 22:32:25,651:INFO:Iterative Imputation: 1 cycle | player_positional_raw_var_16
2022-06-11 22:32:28,028:INFO:Iterative Imputation: 1 cycle | player_other_raw_var_25
2022-06-11 22:32:30,105:INFO:Iterative Imputation: 1 cycle | player_positional_raw_var_0
2022-06-11 22:32:32,802:INFO:Iterative Imputation: 1 cycle | player_other_raw_var_9
2022-06-11 22:32:35,161:INFO:Iterative Imputation: 1 cycle | player_positional_raw_var_1
2022-06-11 22:32:37,924:INFO:Iterative Imputation: 1 cycle | player_positional_raw_var_17
2022-06-11 22:32:40,284:INFO:Iterative Imputation: 1 cycle | player_other_raw_var_18
2022-06-11 22:32:42,736:INFO:Iterative Imputation: 1 cycle | player_other_raw_var_19
2022-06-11 22:32:45,274:INFO:Iterative Imputation: 1 cycle | player_positional_raw_var_21
2022-06-11 22:32:47,783:INFO:Iterative Imputation: 1 cycle | player_other_raw_var_8
2022-06-11 22:32:50,126:INFO:Iterative Imputation: 1 cycle | player_positional_raw_var_2
2022-06-11 22:32:52,547:INFO:Iterative Imputation: 1 cycle | player_positional_raw_var_3
2022-06-11 22:32:54,802:INFO:Iterative Imputation: 1 cycle | player_defensive_raw_var_4
2022-06-11 22:32:57,268:INFO:Iterative Imputation: 1 cycle | player_positional_raw_var_23
2022-06-11 22:32:59,569:INFO:Iterative Imputation: 1 cycle | player_other_raw_var_26
2022-06-11 22:33:01,720:INFO:Iterative Imputation: 1 cycle | player_other_raw_var_30
2022-06-11 22:33:04,006:INFO:Iterative Imputation: 1 cycle | player_other_raw_var_27
2022-06-11 22:33:05,880:INFO:Iterative Imputation: 1 cycle | player_defensive_raw_var_5
2022-06-11 22:33:08,363:INFO:Iterative Imputation: 1 cycle | player_other_raw_var_24
2022-06-11 22:33:10,334:INFO:Iterative Imputation: 1 cycle | player_other_raw_var_29
2022-06-11 22:33:12,300:INFO:Iterative Imputation: 1 cycle | player_other_raw_var_20
2022-06-11 22:33:14,567:INFO:Iterative Imputation: 1 cycle | player_positional_raw_var_22
2022-06-11 22:33:16,893:INFO:Iterative Imputation: 1 cycle | player_offensive_raw_var_11
2022-06-11 22:33:19,520:INFO:Iterative Imputation: 1 cycle | player_defensive_ratio_var_2
2022-06-11 22:33:22,491:INFO:Iterative Imputation: 1 cycle | player_other_ratio_var_4
2022-06-11 22:33:24,791:INFO:Iterative Imputation: 1 cycle | player_other_ratio_var_5
2022-06-11 22:33:27,349:INFO:Iterative Imputation: 1 cycle | player_positional_ratio_var_0
2022-06-11 22:33:30,422:INFO:Iterative Imputation: 1 cycle | player_positional_ratio_var_1
2022-06-11 22:33:33,302:INFO:Iterative Imputation: 1 cycle | player_defensive_ratio_var_3
2022-06-11 22:33:36,380:INFO:Iterative Imputation: 1 cycle | player_positional_derived_var_117
2022-06-11 22:33:38,904:INFO:Iterative Imputation: 1 cycle | player_positional_derived_var_43
2022-06-11 22:33:41,729:INFO:Iterative Imputation: 1 cycle | player_positional_derived_var_44
2022-06-11 22:33:45,077:INFO:Iterative Imputation: 1 cycle | player_defensive_derived_var_114
2022-06-11 22:33:48,061:INFO:Iterative Imputation: 1 cycle | player_positional_derived_var_15
2022-06-11 22:33:50,826:INFO:Iterative Imputation: 1 cycle | player_positional_derived_var_14
2022-06-11 22:33:53,339:INFO:Iterative Imputation: 1 cycle | player_other_derived_var_61
2022-06-11 22:33:55,566:INFO:Iterative Imputation: 1 cycle | player_positional_derived_var_77
2022-06-11 22:33:58,058:INFO:Iterative Imputation: 1 cycle | player_positional_derived_var_78
2022-06-11 22:34:00,814:INFO:Iterative Imputation: 1 cycle | player_defensive_derived_var_12
2022-06-11 22:34:03,288:INFO:Iterative Imputation: 1 cycle | player_positional_derived_var_116
2022-06-11 22:34:06,224:INFO:Iterative Imputation: 1 cycle | player_offensive_derived_var_3
2022-06-11 22:34:08,722:INFO:Iterative Imputation: 1 cycle | player_other_derived_var_96
2022-06-11 22:34:10,874:INFO:Iterative Imputation: 1 cycle | player_offensive_ratio_var_54
2022-06-11 22:34:13,798:INFO:Iterative Imputation: 1 cycle | player_other_ratio_var_9
2022-06-11 22:34:16,894:INFO:Iterative Imputation: 1 cycle | player_other_ratio_var_55
2022-06-11 22:34:19,744:INFO:Iterative Imputation: 1 cycle | team1_other_raw_var_69
2022-06-11 22:34:22,477:INFO:Iterative Imputation: 1 cycle | team1_offensive_raw_var_77
2022-06-11 22:34:25,413:INFO:Iterative Imputation: 1 cycle | team1_other_raw_var_85
2022-06-11 22:34:28,396:INFO:Iterative Imputation: 1 cycle | team1_other_raw_var_75
2022-06-11 22:34:31,371:INFO:Iterative Imputation: 1 cycle | team1_other_raw_var_74
2022-06-11 22:34:34,428:INFO:Iterative Imputation: 1 cycle | team1_other_raw_var_73
2022-06-11 22:34:37,508:INFO:Iterative Imputation: 1 cycle | team1_other_raw_var_70
2022-06-11 22:34:40,418:INFO:Iterative Imputation: 1 cycle | team1_offensive_raw_var_86
2022-06-11 22:34:43,589:INFO:Iterative Imputation: 1 cycle | team1_other_raw_var_76
2022-06-11 22:34:46,855:INFO:Iterative Imputation: 1 cycle | team1_defensive_raw_var_68
2022-06-11 22:34:49,480:INFO:Iterative Imputation: 1 cycle | team1_other_raw_var_57
2022-06-11 22:34:52,942:INFO:Iterative Imputation: 1 cycle | team1_other_raw_var_67
2022-06-11 22:34:56,132:INFO:Iterative Imputation: 1 cycle | team1_other_raw_var_81
2022-06-11 22:34:58,782:INFO:Iterative Imputation: 1 cycle | team1_other_raw_var_58
2022-06-11 22:35:01,837:INFO:Iterative Imputation: 1 cycle | team1_other_raw_var_55
2022-06-11 22:35:04,866:INFO:Iterative Imputation: 1 cycle | team1_defensive_raw_var_71
2022-06-11 22:35:07,880:INFO:Iterative Imputation: 1 cycle | team1_other_raw_var_80
2022-06-11 22:35:10,606:INFO:Iterative Imputation: 1 cycle | team1_other_raw_var_83
2022-06-11 22:35:13,650:INFO:Iterative Imputation: 1 cycle | team1_other_raw_var_79
2022-06-11 22:35:16,146:INFO:Iterative Imputation: 1 cycle | team1_other_raw_var_54
2022-06-11 22:35:19,114:INFO:Iterative Imputation: 1 cycle | team1_other_raw_var_60
2022-06-11 22:35:22,243:INFO:Iterative Imputation: 1 cycle | team1_other_raw_var_84
2022-06-11 22:35:25,137:INFO:Iterative Imputation: 1 cycle | team1_other_raw_var_53
2022-06-11 22:35:27,871:INFO:Iterative Imputation: 1 cycle | team1_other_raw_var_78
2022-06-11 22:35:30,532:INFO:Iterative Imputation: 1 cycle | team1_other_raw_var_62
2022-06-11 22:35:33,058:INFO:Iterative Imputation: 1 cycle | team1_other_raw_var_63
2022-06-11 22:35:36,182:INFO:Iterative Imputation: 1 cycle | team1_other_raw_var_64
2022-06-11 22:35:39,432:INFO:Iterative Imputation: 1 cycle | team1_other_raw_var_52
2022-06-11 22:35:42,513:INFO:Iterative Imputation: 1 cycle | team1_other_raw_var_65
2022-06-11 22:35:46,031:INFO:Iterative Imputation: 1 cycle | team1_other_raw_var_66
2022-06-11 22:35:48,851:INFO:Iterative Imputation: 1 cycle | team1_other_raw_var_87
2022-06-11 22:35:51,687:INFO:Iterative Imputation: 1 cycle | team1_other_raw_var_56
2022-06-11 22:35:54,726:INFO:Iterative Imputation: 1 cycle | team1_other_raw_var_61
2022-06-11 22:35:57,645:INFO:Iterative Imputation: 1 cycle | team1_other_raw_var_59
2022-06-11 22:36:01,134:INFO:Iterative Imputation: 1 cycle | team1_offensive_derived_var_13
2022-06-11 22:36:04,376:INFO:Iterative Imputation: 1 cycle | team1_other_raw_var_89
2022-06-11 22:36:07,610:INFO:Iterative Imputation: 1 cycle | team1_other_ratio_var_34
2022-06-11 22:36:10,974:INFO:Iterative Imputation: 1 cycle | team1_other_ratio_var_35
2022-06-11 22:36:13,679:INFO:Iterative Imputation: 1 cycle | team1_other_ratio_var_36
2022-06-11 22:36:16,363:INFO:Iterative Imputation: 1 cycle | team1_other_ratio_var_37
2022-06-11 22:36:18,907:INFO:Iterative Imputation: 1 cycle | team1_other_ratio_var_38
2022-06-11 22:36:21,612:INFO:Iterative Imputation: 1 cycle | team1_other_ratio_var_39
2022-06-11 22:36:24,570:INFO:Iterative Imputation: 1 cycle | team1_other_ratio_var_40
2022-06-11 22:36:27,578:INFO:Iterative Imputation: 1 cycle | team1_other_ratio_var_41
2022-06-11 22:36:30,299:INFO:Iterative Imputation: 1 cycle | team1_offensive_ratio_var_48
2022-06-11 22:36:33,047:INFO:Iterative Imputation: 1 cycle | team1_other_ratio_var_49
2022-06-11 22:36:35,846:INFO:Iterative Imputation: 1 cycle | team1_other_ratio_var_50
2022-06-11 22:36:38,598:INFO:Iterative Imputation: 1 cycle | team1_other_ratio_var_51
2022-06-11 22:36:41,250:INFO:Iterative Imputation: 1 cycle | team1_offensive_derived_var_19
2022-06-11 22:36:44,492:INFO:Iterative Imputation: 1 cycle | team1_offensive_derived_var_18
2022-06-11 22:36:47,859:INFO:Iterative Imputation: 1 cycle | team1_defensive_derived_var_17
2022-06-11 22:36:51,399:INFO:Iterative Imputation: 1 cycle | team1_offensive_derived_var_16
2022-06-11 22:36:54,138:INFO:Iterative Imputation: 1 cycle | team1_defensive_derived_var_15
2022-06-11 22:36:56,944:INFO:Iterative Imputation: 1 cycle | team1_offensive_derived_var_14
2022-06-11 22:36:59,672:INFO:Iterative Imputation: 1 cycle | team1_other_ratio_var_52
2022-06-11 22:37:02,192:INFO:Iterative Imputation: 1 cycle | team1_offensive_derived_var_0
2022-06-11 22:37:04,912:INFO:Iterative Imputation: 1 cycle | team1_defensive_derived_var_1
2022-06-11 22:37:07,538:INFO:Iterative Imputation: 1 cycle | team1_defensive_derived_var_3
2022-06-11 22:37:10,315:INFO:Iterative Imputation: 1 cycle | team1_offensive_derived_var_4
2022-06-11 22:37:12,932:INFO:Iterative Imputation: 1 cycle | team1_defensive_derived_var_8
2022-06-11 22:37:15,628:INFO:Iterative Imputation: 1 cycle | team1_defensive_derived_var_9
2022-06-11 22:37:18,301:INFO:Iterative Imputation: 1 cycle | team1_defensive_derived_var_10
2022-06-11 22:37:21,022:INFO:Iterative Imputation: 1 cycle | team1_offensive_derived_var_12
2022-06-11 22:37:23,808:INFO:Iterative Imputation: 1 cycle | team1_other_ratio_var_31
2022-06-11 22:37:26,713:INFO:Iterative Imputation: 1 cycle | team1_other_raw_var_88
2022-06-11 22:37:29,466:INFO:Iterative Imputation: 1 cycle | team1_offensive_ratio_var_30
2022-06-11 22:37:32,029:INFO:Iterative Imputation: 1 cycle | team1_other_ratio_var_28
2022-06-11 22:37:34,775:INFO:Iterative Imputation: 1 cycle | team1_other_raw_var_90
2022-06-11 22:37:37,671:INFO:Iterative Imputation: 1 cycle | team1_offensive_raw_var_91
2022-06-11 22:37:40,241:INFO:Iterative Imputation: 1 cycle | team1_other_raw_var_93
2022-06-11 22:37:42,814:INFO:Iterative Imputation: 1 cycle | team1_defensive_ratio_var_2
2022-06-11 22:37:46,233:INFO:Iterative Imputation: 1 cycle | team1_other_ratio_var_4
2022-06-11 22:37:48,892:INFO:Iterative Imputation: 1 cycle | team1_defensive_ratio_var_5
2022-06-11 22:37:52,045:INFO:Iterative Imputation: 1 cycle | team1_offensive_ratio_var_6
2022-06-11 22:37:54,891:INFO:Iterative Imputation: 1 cycle | team1_other_ratio_var_7
2022-06-11 22:37:57,335:INFO:Iterative Imputation: 1 cycle | team1_other_ratio_var_8
2022-06-11 22:38:00,026:INFO:Iterative Imputation: 1 cycle | team1_offensive_ratio_var_9
2022-06-11 22:38:02,921:INFO:Iterative Imputation: 1 cycle | team1_other_ratio_var_12
2022-06-11 22:38:05,503:INFO:Iterative Imputation: 1 cycle | team1_other_ratio_var_13
2022-06-11 22:38:08,243:INFO:Iterative Imputation: 1 cycle | team1_other_ratio_var_14
2022-06-11 22:38:11,107:INFO:Iterative Imputation: 1 cycle | team1_other_ratio_var_15
2022-06-11 22:38:13,787:INFO:Iterative Imputation: 1 cycle | team1_other_ratio_var_16
2022-06-11 22:38:16,489:INFO:Iterative Imputation: 1 cycle | team1_other_ratio_var_17
2022-06-11 22:38:19,512:INFO:Iterative Imputation: 1 cycle | team1_other_ratio_var_18
2022-06-11 22:38:22,450:INFO:Iterative Imputation: 1 cycle | team1_other_ratio_var_19
2022-06-11 22:38:25,232:INFO:Iterative Imputation: 1 cycle | team1_other_ratio_var_20
2022-06-11 22:38:28,120:INFO:Iterative Imputation: 1 cycle | team1_other_ratio_var_21
2022-06-11 22:38:30,877:INFO:Iterative Imputation: 1 cycle | team1_other_ratio_var_22
2022-06-11 22:38:33,633:INFO:Iterative Imputation: 1 cycle | team1_other_ratio_var_23
2022-06-11 22:38:36,165:INFO:Iterative Imputation: 1 cycle | team1_offensive_ratio_var_24
2022-06-11 22:38:38,668:INFO:Iterative Imputation: 1 cycle | team1_other_ratio_var_25
2022-06-11 22:38:41,436:INFO:Iterative Imputation: 1 cycle | team1_other_ratio_var_26
2022-06-11 22:38:44,691:INFO:Iterative Imputation: 1 cycle | team1_other_raw_var_49
2022-06-11 22:38:47,459:INFO:Iterative Imputation: 1 cycle | team1_other_ratio_var_27
2022-06-11 22:38:50,193:INFO:Iterative Imputation: 1 cycle | team1_other_ratio_var_29
